mode: set
github.com/Dicathen/CSCE4600/Project2/builtins/cd.go:14.44,15.19 1 1
github.com/Dicathen/CSCE4600/Project2/builtins/cd.go:16.9,17.20 1 1
github.com/Dicathen/CSCE4600/Project2/builtins/cd.go:20.3,20.27 1 1
github.com/Dicathen/CSCE4600/Project2/builtins/cd.go:21.9,22.27 1 1
github.com/Dicathen/CSCE4600/Project2/builtins/cd.go:23.10,24.90 1 1
github.com/Dicathen/CSCE4600/Project2/builtins/cd.go:17.20,19.4 1 1
github.com/Dicathen/CSCE4600/Project2/builtins/echo.go:10.33,11.20 1 1
github.com/Dicathen/CSCE4600/Project2/builtins/echo.go:31.2,32.12 2 1
github.com/Dicathen/CSCE4600/Project2/builtins/echo.go:11.20,13.3 1 1
github.com/Dicathen/CSCE4600/Project2/builtins/echo.go:13.8,13.45 1 1
github.com/Dicathen/CSCE4600/Project2/builtins/echo.go:13.45,17.40 1 1
github.com/Dicathen/CSCE4600/Project2/builtins/echo.go:29.3,29.13 1 1
github.com/Dicathen/CSCE4600/Project2/builtins/echo.go:17.40,20.18 2 1
github.com/Dicathen/CSCE4600/Project2/builtins/echo.go:24.4,24.31 1 1
github.com/Dicathen/CSCE4600/Project2/builtins/echo.go:27.4,27.17 1 1
github.com/Dicathen/CSCE4600/Project2/builtins/echo.go:20.18,22.5 1 0
github.com/Dicathen/CSCE4600/Project2/builtins/echo.go:24.31,26.5 1 1
github.com/Dicathen/CSCE4600/Project2/builtins/env.go:10.62,12.33 2 1
github.com/Dicathen/CSCE4600/Project2/builtins/env.go:22.2,23.35 2 1
github.com/Dicathen/CSCE4600/Project2/builtins/env.go:36.2,38.12 2 1
github.com/Dicathen/CSCE4600/Project2/builtins/env.go:12.33,13.22 1 1
github.com/Dicathen/CSCE4600/Project2/builtins/env.go:13.22,14.23 1 1
github.com/Dicathen/CSCE4600/Project2/builtins/env.go:17.4,18.7 2 1
github.com/Dicathen/CSCE4600/Project2/builtins/env.go:14.23,16.5 1 1
github.com/Dicathen/CSCE4600/Project2/builtins/env.go:23.35,25.30 2 1
github.com/Dicathen/CSCE4600/Project2/builtins/env.go:31.3,31.11 1 1
github.com/Dicathen/CSCE4600/Project2/builtins/env.go:25.30,26.37 1 1
github.com/Dicathen/CSCE4600/Project2/builtins/env.go:26.37,28.10 2 1
github.com/Dicathen/CSCE4600/Project2/builtins/env.go:31.11,33.4 1 1
github.com/Dicathen/CSCE4600/Project2/builtins/help.go:8.33,9.19 1 1
github.com/Dicathen/CSCE4600/Project2/builtins/help.go:10.9,18.13 8 1
github.com/Dicathen/CSCE4600/Project2/builtins/help.go:19.10,20.53 1 1
github.com/Dicathen/CSCE4600/Project2/builtins/history.go:11.36,12.19 1 1
github.com/Dicathen/CSCE4600/Project2/builtins/history.go:13.9,14.35 1 1
github.com/Dicathen/CSCE4600/Project2/builtins/history.go:17.3,17.13 1 1
github.com/Dicathen/CSCE4600/Project2/builtins/history.go:18.10,19.56 1 1
github.com/Dicathen/CSCE4600/Project2/builtins/history.go:14.35,16.4 1 1
github.com/Dicathen/CSCE4600/Project2/builtins/history.go:24.35,26.2 1 1
github.com/Dicathen/CSCE4600/Project2/builtins/kill.go:9.33,10.19 1 1
github.com/Dicathen/CSCE4600/Project2/builtins/kill.go:13.2,13.20 1 1
github.com/Dicathen/CSCE4600/Project2/builtins/kill.go:16.2,16.51 1 1
github.com/Dicathen/CSCE4600/Project2/builtins/kill.go:19.2,19.12 1 0
github.com/Dicathen/CSCE4600/Project2/builtins/kill.go:10.19,12.3 1 1
github.com/Dicathen/CSCE4600/Project2/builtins/kill.go:13.20,15.3 1 1
github.com/Dicathen/CSCE4600/Project2/builtins/kill.go:16.51,18.3 1 1
github.com/Dicathen/CSCE4600/Project2/builtins/pwd.go:9.50,10.19 1 1
github.com/Dicathen/CSCE4600/Project2/builtins/pwd.go:11.9,13.17 2 1
github.com/Dicathen/CSCE4600/Project2/builtins/pwd.go:16.3,17.13 2 1
github.com/Dicathen/CSCE4600/Project2/builtins/pwd.go:18.10,19.52 1 1
github.com/Dicathen/CSCE4600/Project2/builtins/pwd.go:13.17,15.4 1 0
github.com/Dicathen/CSCE4600/Project2/main.go:15.13,18.2 2 0
github.com/Dicathen/CSCE4600/Project2/main.go:20.66,26.6 2 1
github.com/Dicathen/CSCE4600/Project2/main.go:26.6,27.10 1 1
github.com/Dicathen/CSCE4600/Project2/main.go:28.15,30.10 2 1
github.com/Dicathen/CSCE4600/Project2/main.go:31.11,32.41 1 1
github.com/Dicathen/CSCE4600/Project2/main.go:36.4,36.58 1 1
github.com/Dicathen/CSCE4600/Project2/main.go:40.4,40.53 1 1
github.com/Dicathen/CSCE4600/Project2/main.go:32.41,34.13 2 0
github.com/Dicathen/CSCE4600/Project2/main.go:36.58,38.13 2 1
github.com/Dicathen/CSCE4600/Project2/main.go:40.53,42.5 1 1
github.com/Dicathen/CSCE4600/Project2/main.go:47.37,51.16 2 1
github.com/Dicathen/CSCE4600/Project2/main.go:55.2,56.16 2 1
github.com/Dicathen/CSCE4600/Project2/main.go:61.2,63.12 2 1
github.com/Dicathen/CSCE4600/Project2/main.go:51.16,53.3 1 0
github.com/Dicathen/CSCE4600/Project2/main.go:56.16,58.3 1 0
github.com/Dicathen/CSCE4600/Project2/main.go:66.73,79.14 5 1
github.com/Dicathen/CSCE4600/Project2/main.go:99.2,99.38 1 1
github.com/Dicathen/CSCE4600/Project2/main.go:80.12,81.43 1 1
github.com/Dicathen/CSCE4600/Project2/main.go:82.13,83.51 1 1
github.com/Dicathen/CSCE4600/Project2/main.go:84.13,85.49 1 1
github.com/Dicathen/CSCE4600/Project2/main.go:86.14,87.32 1 1
github.com/Dicathen/CSCE4600/Project2/main.go:88.14,89.32 1 1
github.com/Dicathen/CSCE4600/Project2/main.go:90.14,91.32 1 1
github.com/Dicathen/CSCE4600/Project2/main.go:92.17,93.35 1 1
github.com/Dicathen/CSCE4600/Project2/main.go:94.14,96.13 2 1
github.com/Dicathen/CSCE4600/Project2/main.go:102.55,112.2 4 1
